<?xml version="1.0" encoding="UTF-8"?>
<testsuite xmlns:xsi="http://www.w3.org/2001/XMLSchema-instance" xsi:noNamespaceSchemaLocation="https://maven.apache.org/surefire/maven-surefire-plugin/xsd/surefire-test-report.xsd" version="3.0.2" name="com.Hm.hospital_patient.HospitalPatientApplicationTests" time="2.59" tests="1" errors="0" skipped="0" failures="0">
  <properties>
[...]
</properties>
  <testcase name="contextLoads" classname="com.Hm.hospital_patient.HospitalPatientApplicationTests" time="0.511">
    <system-out><![CDATA[03:43:46.384 [main] INFO org.springframework.test.context.support.AnnotationConfigContextLoaderUtils -- Could not detect default configuration classes for test class [com.Hm.hospital_patient.HospitalPatientApplicationTests]: HospitalPatientApplicationTests does not declare any static, non-private, non-final, nested classes annotated with @Configuration.
03:43:46.483 [main] INFO org.springframework.boot.test.context.SpringBootTestContextBootstrapper -- Found @SpringBootConfiguration com.Hm.hospital_patient.HospitalPatientApplication for test class com.Hm.hospital_patient.HospitalPatientApplicationTests
03:43:46.647 [main] INFO org.springframework.boot.devtools.restart.RestartApplicationListener -- Restart disabled due to context in which it is running

  .   ____          _            __ _ _
 /\\ / ___'_ __ _ _(_)_ __  __ _ \ \ \ \
( ( )\___ | '_ | '_| | '_ \/ _` | \ \ \ \
 \\/  ___)| |_)| | | | | || (_| |  ) ) ) )
  '  |____| .__|_| |_|_| |_\__, | / / / /
 =========|_|==============|___/=/_/_/_/

 :: Spring Boot ::                (v3.5.5)

2025-08-24T03:43:46.905+03:00  INFO 8436 --- [hospital-patient] [           main] c.H.h.HospitalPatientApplicationTests    : Starting HospitalPatientApplicationTests using Java 21.0.2 with PID 8436 (started by muhammet in C:\Users\muhammet\Desktop\hospital-patient)
2025-08-24T03:43:46.906+03:00  INFO 8436 --- [hospital-patient] [           main] c.H.h.HospitalPatientApplicationTests    : No active profile set, falling back to 1 default profile: "default"
2025-08-24T03:43:48.308+03:00  INFO 8436 --- [hospital-patient] [           main] c.H.h.HospitalPatientApplicationTests    : Started HospitalPatientApplicationTests in 1.669 seconds (process running for 2.517)
]]></system-out>
    <system-err><![CDATA[Mockito is currently self-attaching to enable the inline-mock-maker. This will no longer work in future releases of the JDK. Please add Mockito as an agent to your build as described in Mockito's documentation: https://javadoc.io/doc/org.mockito/mockito-core/latest/org.mockito/org/mockito/Mockito.html#0.3
WARNING: A Java agent has been loaded dynamically (C:\Users\muhammet\.m2\repository\net\bytebuddy\byte-buddy-agent\1.17.7\byte-buddy-agent-1.17.7.jar)
WARNING: If a serviceability tool is in use, please run with -XX:+EnableDynamicAgentLoading to hide this warning
WARNING: If a serviceability tool is not in use, please run with -Djdk.instrument.traceUsage for more information
WARNING: Dynamic loading of agents will be disallowed by default in a future release
]]></system-err>
  </testcase>
</testsuite>